<?xml version="1.0" encoding="UTF-8"?>
<!-- Generated by org.testng.reporters.JUnitReportReporter -->
<testsuite hostname="DESKTOP-KSHOP00" name="example.demo.DemoApplicationTests" tests="1" failures="0" timestamp="18 Oct 2019 08:11:49 GMT" time="4.094" errors="0">
  <testcase name="runScenario" time="4.094" classname="example.demo.DemoApplicationTests"/>
</testsuite> <!-- example.demo.DemoApplicationTests -->
